<?xml version="1.0" encoding="UTF-8"?>
<!-- Generated by org.testng.reporters.JUnitXMLReporter -->
<testsuite ignored="0" hostname="DML-BWK0GL3" failures="0" tests="9" name="Test" time="0.063" errors="0" timestamp="2022-11-15T11:36:36 CST">
  <testcase classname="Test.Day1" name="demo" time="0.005"/>
  <testcase classname="Test.Day1" name="secondTest" time="0.001"/>
  <testcase classname="Test.Day2" name="ploan" time="0.001"/>
  <testcase classname="Test.Day3" name="apiLogin" time="0.001"/>
  <testcase classname="Test.Day3" name="mobileLogin" time="0.001"/>
  <testcase classname="Test.Day3" name="webLogin" time="0.001"/>
  <testcase classname="Test.Day4" name="carApiLogin" time="0.001"/>
  <testcase classname="Test.Day4" name="carMobileLogin" time="0.001"/>
  <testcase classname="Test.Day4" name="carWebLogin" time="0.001"/>
</testsuite> <!-- Test -->
