<?xml version="1.0" encoding="UTF-8"?>
<!-- Generated by org.testng.reporters.JUnitXMLReporter -->
<testsuite ignored="1" hostname="DML-BWK0GL3" failures="0" tests="5" name="Personal Loan" time="0.048" errors="0" timestamp="2022-11-15T16:57:43 CST">
  <testcase classname="Test.Day1" name="demo" time="0.006"/>
  <testcase classname="Test.Day2" name="ploan" time="0.001"/>
  <testcase classname="Test.Day3" name="apiLogin" time="0.001"/>
  <testcase classname="Test.Day3" name="mobileLogin" time="0.001"/>
  <testcase classname="Test.Day3" name="webLogin" time="0.001"/>
  <testcase classname="Test.Day1" name="secondTest" time="0.0">
    <ignored/>
  </testcase> <!-- secondTest -->
</testsuite> <!-- Personal Loan -->
