<?xml version="1.0" encoding="UTF-8"?>
<!-- Generated by org.testng.reporters.JUnitXMLReporter -->
<testsuite ignored="5" hostname="DML-BWK0GL3" failures="0" tests="4" name="Regression" time="0.045" errors="0" timestamp="2022-11-14T17:11:39 CST">
  <testcase classname="Test.Day1" name="demo" time="0.006"/>
  <testcase classname="Test.Day2" name="ploan" time="0.001"/>
  <testcase classname="Test.Day3" name="webLogin" time="0.001"/>
  <testcase classname="Test.Day4" name="carWebLogin" time="0.001"/>
  <testcase classname="Test.Day4" name="carApiLogin" time="0.0">
    <ignored/>
  </testcase> <!-- carApiLogin -->
  <testcase classname="Test.Day3" name="apiLogin" time="0.0">
    <ignored/>
  </testcase> <!-- apiLogin -->
  <testcase classname="Test.Day3" name="mobileLogin" time="0.0">
    <ignored/>
  </testcase> <!-- mobileLogin -->
  <testcase classname="Test.Day1" name="secondTest" time="0.0">
    <ignored/>
  </testcase> <!-- secondTest -->
  <testcase classname="Test.Day4" name="carMobileLogin" time="0.0">
    <ignored/>
  </testcase> <!-- carMobileLogin -->
</testsuite> <!-- Regression -->
